{"C:\\Users\\sanke\\Desktop\\Projectssss\\TDD-Kata-Sweet-Shop-Management-System\\backend\\src\\app.js": {"path":"C:\\Users\\sanke\\Desktop\\Projectssss\\TDD-Kata-Sweet-Shop-Management-System\\backend\\src\\app.js","statementMap":{"0":{"start":{"line":10,"column":12},"end":{"line":10,"column":21}},"1":{"start":{"line":12,"column":0},"end":{"line":12,"column":16}},"2":{"start":{"line":13,"column":0},"end":{"line":13,"column":24}},"3":{"start":{"line":14,"column":0},"end":{"line":14,"column":23}},"4":{"start":{"line":15,"column":0},"end":{"line":15,"column":48}},"5":{"start":{"line":17,"column":0},"end":{"line":19,"column":3}},"6":{"start":{"line":18,"column":4},"end":{"line":18,"column":66}},"7":{"start":{"line":21,"column":0},"end":{"line":23,"column":3}},"8":{"start":{"line":22,"column":4},"end":{"line":22,"column":62}},"9":{"start":{"line":25,"column":0},"end":{"line":25,"column":32}},"10":{"start":{"line":27,"column":0},"end":{"line":27,"column":36}},"11":{"start":{"line":28,"column":0},"end":{"line":32,"column":3}},"12":{"start":{"line":29,"column":4},"end":{"line":31,"column":7}},"13":{"start":{"line":34,"column":0},"end":{"line":34,"column":25}}},"fnMap":{"0":{"name":"(anonymous_0)","decl":{"start":{"line":17,"column":44},"end":{"line":17,"column":45}},"loc":{"start":{"line":17,"column":58},"end":{"line":19,"column":1}},"line":17},"1":{"name":"(anonymous_1)","decl":{"start":{"line":21,"column":57},"end":{"line":21,"column":58}},"loc":{"start":{"line":21,"column":71},"end":{"line":23,"column":1}},"line":21},"2":{"name":"(anonymous_2)","decl":{"start":{"line":28,"column":13},"end":{"line":28,"column":14}},"loc":{"start":{"line":28,"column":27},"end":{"line":32,"column":1}},"line":28}},"branchMap":{},"s":{"0":7,"1":7,"2":7,"3":7,"4":7,"5":7,"6":1,"7":7,"8":1,"9":7,"10":7,"11":7,"12":0,"13":7},"f":{"0":1,"1":1,"2":0},"b":{},"inputSourceMap":null,"_coverageSchema":"1a1c01bbd47fc00a2c39e90264f33305004495a9","hash":"4514bc90186cda50f412c3660b24b82f192edaf8"}
,"C:\\Users\\sanke\\Desktop\\Projectssss\\TDD-Kata-Sweet-Shop-Management-System\\backend\\src\\config\\db.js": {"path":"C:\\Users\\sanke\\Desktop\\Projectssss\\TDD-Kata-Sweet-Shop-Management-System\\backend\\src\\config\\db.js","statementMap":{"0":{"start":{"line":3,"column":25},"end":{"line":12,"column":1}},"1":{"start":{"line":4,"column":2},"end":{"line":11,"column":3}},"2":{"start":{"line":5,"column":4},"end":{"line":7,"column":6}},"3":{"start":{"line":8,"column":4},"end":{"line":8,"column":37}},"4":{"start":{"line":10,"column":4},"end":{"line":10,"column":47}}},"fnMap":{"0":{"name":"(anonymous_0)","decl":{"start":{"line":3,"column":25},"end":{"line":3,"column":26}},"loc":{"start":{"line":3,"column":37},"end":{"line":12,"column":1}},"line":3}},"branchMap":{"0":{"loc":{"start":{"line":6,"column":6},"end":{"line":6,"column":68}},"type":"binary-expr","locations":[{"start":{"line":6,"column":6},"end":{"line":6,"column":27}},{"start":{"line":6,"column":31},"end":{"line":6,"column":68}}],"line":6}},"s":{"0":3,"1":3,"2":3,"3":3,"4":0},"f":{"0":3},"b":{"0":[3,0]},"inputSourceMap":null,"_coverageSchema":"1a1c01bbd47fc00a2c39e90264f33305004495a9","hash":"30cd763361018c91c3bcb7e93d8b8c4b6c6762c9"}
,"C:\\Users\\sanke\\Desktop\\Projectssss\\TDD-Kata-Sweet-Shop-Management-System\\backend\\src\\controllers\\authController.js": {"path":"C:\\Users\\sanke\\Desktop\\Projectssss\\TDD-Kata-Sweet-Shop-Management-System\\backend\\src\\controllers\\authController.js","statementMap":{"0":{"start":{"line":5,"column":24},"end":{"line":11,"column":2}},"1":{"start":{"line":6,"column":19},"end":{"line":6,"column":47}},"2":{"start":{"line":8,"column":4},"end":{"line":10,"column":6}},"3":{"start":{"line":13,"column":21},"end":{"line":19,"column":2}},"4":{"start":{"line":14,"column":19},"end":{"line":14,"column":44}},"5":{"start":{"line":16,"column":4},"end":{"line":18,"column":6}}},"fnMap":{"0":{"name":"(anonymous_0)","decl":{"start":{"line":5,"column":37},"end":{"line":5,"column":38}},"loc":{"start":{"line":5,"column":57},"end":{"line":11,"column":1}},"line":5},"1":{"name":"(anonymous_1)","decl":{"start":{"line":13,"column":34},"end":{"line":13,"column":35}},"loc":{"start":{"line":13,"column":54},"end":{"line":19,"column":1}},"line":13}},"branchMap":{},"s":{"0":7,"1":8,"2":8,"3":7,"4":1,"5":1},"f":{"0":8,"1":1},"b":{},"inputSourceMap":null,"_coverageSchema":"1a1c01bbd47fc00a2c39e90264f33305004495a9","hash":"2ac8d16bb958056183001bbae7a9c76532dee8bb"}
,"C:\\Users\\sanke\\Desktop\\Projectssss\\TDD-Kata-Sweet-Shop-Management-System\\backend\\src\\controllers\\sweetController.js": {"path":"C:\\Users\\sanke\\Desktop\\Projectssss\\TDD-Kata-Sweet-Shop-Management-System\\backend\\src\\controllers\\sweetController.js","statementMap":{"0":{"start":{"line":5,"column":24},"end":{"line":11,"column":2}},"1":{"start":{"line":6,"column":18},"end":{"line":6,"column":52}},"2":{"start":{"line":8,"column":4},"end":{"line":10,"column":6}},"3":{"start":{"line":13,"column":25},"end":{"line":19,"column":2}},"4":{"start":{"line":14,"column":19},"end":{"line":14,"column":46}},"5":{"start":{"line":16,"column":4},"end":{"line":18,"column":6}},"6":{"start":{"line":21,"column":28},"end":{"line":27,"column":2}},"7":{"start":{"line":22,"column":19},"end":{"line":22,"column":55}},"8":{"start":{"line":24,"column":4},"end":{"line":26,"column":6}},"9":{"start":{"line":31,"column":27},"end":{"line":38,"column":2}},"10":{"start":{"line":32,"column":19},"end":{"line":32,"column":29}},"11":{"start":{"line":33,"column":25},"end":{"line":33,"column":63}},"12":{"start":{"line":35,"column":4},"end":{"line":37,"column":6}},"13":{"start":{"line":40,"column":29},"end":{"line":47,"column":2}},"14":{"start":{"line":41,"column":19},"end":{"line":41,"column":29}},"15":{"start":{"line":42,"column":18},"end":{"line":42,"column":48}},"16":{"start":{"line":44,"column":4},"end":{"line":46,"column":6}},"17":{"start":{"line":49,"column":27},"end":{"line":56,"column":2}},"18":{"start":{"line":50,"column":19},"end":{"line":50,"column":29}},"19":{"start":{"line":51,"column":4},"end":{"line":51,"column":33}},"20":{"start":{"line":53,"column":4},"end":{"line":55,"column":6}},"21":{"start":{"line":58,"column":28},"end":{"line":66,"column":2}},"22":{"start":{"line":59,"column":19},"end":{"line":59,"column":29}},"23":{"start":{"line":60,"column":25},"end":{"line":60,"column":33}},"24":{"start":{"line":61,"column":18},"end":{"line":61,"column":57}},"25":{"start":{"line":63,"column":4},"end":{"line":65,"column":6}}},"fnMap":{"0":{"name":"(anonymous_0)","decl":{"start":{"line":5,"column":37},"end":{"line":5,"column":38}},"loc":{"start":{"line":5,"column":57},"end":{"line":11,"column":1}},"line":5},"1":{"name":"(anonymous_1)","decl":{"start":{"line":13,"column":38},"end":{"line":13,"column":39}},"loc":{"start":{"line":13,"column":58},"end":{"line":19,"column":1}},"line":13},"2":{"name":"(anonymous_2)","decl":{"start":{"line":21,"column":41},"end":{"line":21,"column":42}},"loc":{"start":{"line":21,"column":61},"end":{"line":27,"column":1}},"line":21},"3":{"name":"(anonymous_3)","decl":{"start":{"line":31,"column":40},"end":{"line":31,"column":41}},"loc":{"start":{"line":31,"column":60},"end":{"line":38,"column":1}},"line":31},"4":{"name":"(anonymous_4)","decl":{"start":{"line":40,"column":42},"end":{"line":40,"column":43}},"loc":{"start":{"line":40,"column":62},"end":{"line":47,"column":1}},"line":40},"5":{"name":"(anonymous_5)","decl":{"start":{"line":49,"column":40},"end":{"line":49,"column":41}},"loc":{"start":{"line":49,"column":60},"end":{"line":56,"column":1}},"line":49},"6":{"name":"(anonymous_6)","decl":{"start":{"line":58,"column":41},"end":{"line":58,"column":42}},"loc":{"start":{"line":58,"column":61},"end":{"line":66,"column":1}},"line":58}},"branchMap":{},"s":{"0":7,"1":4,"2":4,"3":7,"4":1,"5":1,"6":7,"7":3,"8":3,"9":7,"10":1,"11":1,"12":1,"13":7,"14":2,"15":2,"16":1,"17":7,"18":2,"19":2,"20":1,"21":7,"22":3,"23":3,"24":3,"25":1},"f":{"0":4,"1":1,"2":3,"3":1,"4":2,"5":2,"6":3},"b":{},"inputSourceMap":null,"_coverageSchema":"1a1c01bbd47fc00a2c39e90264f33305004495a9","hash":"4fbc3ecc2aec297dee9096b7a8681bfa8cf71b7c"}
,"C:\\Users\\sanke\\Desktop\\Projectssss\\TDD-Kata-Sweet-Shop-Management-System\\backend\\src\\middlewares\\asyncHandler.js": {"path":"C:\\Users\\sanke\\Desktop\\Projectssss\\TDD-Kata-Sweet-Shop-Management-System\\backend\\src\\middlewares\\asyncHandler.js","statementMap":{"0":{"start":{"line":1,"column":28},"end":{"line":15,"column":1}},"1":{"start":{"line":1,"column":36},"end":{"line":15,"column":1}},"2":{"start":{"line":3,"column":4},"end":{"line":11,"column":5}},"3":{"start":{"line":5,"column":0},"end":{"line":5,"column":23}},"4":{"start":{"line":10,"column":8},"end":{"line":10,"column":19}}},"fnMap":{"0":{"name":"(anonymous_0)","decl":{"start":{"line":1,"column":28},"end":{"line":1,"column":29}},"loc":{"start":{"line":1,"column":36},"end":{"line":15,"column":1}},"line":1},"1":{"name":"(anonymous_1)","decl":{"start":{"line":1,"column":36},"end":{"line":1,"column":37}},"loc":{"start":{"line":1,"column":60},"end":{"line":15,"column":1}},"line":1}},"branchMap":{},"s":{"0":7,"1":70,"2":49,"3":49,"4":7},"f":{"0":70,"1":49},"b":{},"inputSourceMap":null,"_coverageSchema":"1a1c01bbd47fc00a2c39e90264f33305004495a9","hash":"d0bdabc64593c81187edc12dc63f5a0c56e65b61"}
,"C:\\Users\\sanke\\Desktop\\Projectssss\\TDD-Kata-Sweet-Shop-Management-System\\backend\\src\\middlewares\\checkAdmin.js": {"path":"C:\\Users\\sanke\\Desktop\\Projectssss\\TDD-Kata-Sweet-Shop-Management-System\\backend\\src\\middlewares\\checkAdmin.js","statementMap":{"0":{"start":{"line":3,"column":19},"end":{"line":11,"column":1}},"1":{"start":{"line":6,"column":4},"end":{"line":8,"column":5}},"2":{"start":{"line":7,"column":8},"end":{"line":7,"column":62}},"3":{"start":{"line":10,"column":4},"end":{"line":10,"column":11}}},"fnMap":{"0":{"name":"(anonymous_0)","decl":{"start":{"line":3,"column":19},"end":{"line":3,"column":20}},"loc":{"start":{"line":3,"column":39},"end":{"line":11,"column":1}},"line":3}},"branchMap":{"0":{"loc":{"start":{"line":6,"column":4},"end":{"line":8,"column":5}},"type":"if","locations":[{"start":{"line":6,"column":4},"end":{"line":8,"column":5}},{"start":{},"end":{}}],"line":6},"1":{"loc":{"start":{"line":6,"column":8},"end":{"line":6,"column":46}},"type":"binary-expr","locations":[{"start":{"line":6,"column":8},"end":{"line":6,"column":17}},{"start":{"line":6,"column":21},"end":{"line":6,"column":46}}],"line":6}},"s":{"0":7,"1":14,"2":3,"3":11},"f":{"0":14},"b":{"0":[3,11],"1":[14,14]},"inputSourceMap":null,"_coverageSchema":"1a1c01bbd47fc00a2c39e90264f33305004495a9","hash":"a24a6d7aec5e1dfd461c2dbc9a7046a52b40987c"}
,"C:\\Users\\sanke\\Desktop\\Projectssss\\TDD-Kata-Sweet-Shop-Management-System\\backend\\src\\middlewares\\errorMiddleware.js": {"path":"C:\\Users\\sanke\\Desktop\\Projectssss\\TDD-Kata-Sweet-Shop-Management-System\\backend\\src\\middlewares\\errorMiddleware.js","statementMap":{"0":{"start":{"line":2,"column":16},"end":{"line":2,"column":54}},"1":{"start":{"line":3,"column":19},"end":{"line":3,"column":40}},"2":{"start":{"line":5,"column":0},"end":{"line":8,"column":2}}},"fnMap":{"0":{"name":"errorMiddleware","decl":{"start":{"line":1,"column":25},"end":{"line":1,"column":40}},"loc":{"start":{"line":1,"column":58},"end":{"line":11,"column":1}},"line":1}},"branchMap":{"0":{"loc":{"start":{"line":2,"column":16},"end":{"line":2,"column":54}},"type":"binary-expr","locations":[{"start":{"line":2,"column":16},"end":{"line":2,"column":27}},{"start":{"line":2,"column":31},"end":{"line":2,"column":54}}],"line":2},"1":{"loc":{"start":{"line":3,"column":19},"end":{"line":3,"column":40}},"type":"binary-expr","locations":[{"start":{"line":3,"column":19},"end":{"line":3,"column":33}},{"start":{"line":3,"column":37},"end":{"line":3,"column":40}}],"line":3}},"s":{"0":10,"1":10,"2":10},"f":{"0":10},"b":{"0":[10,0],"1":[10,0]},"inputSourceMap":null,"_coverageSchema":"1a1c01bbd47fc00a2c39e90264f33305004495a9","hash":"0ce1c2c8f0c19b24e48324283d8947ce83e61999"}
,"C:\\Users\\sanke\\Desktop\\Projectssss\\TDD-Kata-Sweet-Shop-Management-System\\backend\\src\\middlewares\\verifyToken.js": {"path":"C:\\Users\\sanke\\Desktop\\Projectssss\\TDD-Kata-Sweet-Shop-Management-System\\backend\\src\\middlewares\\verifyToken.js","statementMap":{"0":{"start":{"line":5,"column":20},"end":{"line":21,"column":2}},"1":{"start":{"line":6,"column":23},"end":{"line":6,"column":48}},"2":{"start":{"line":8,"column":4},"end":{"line":10,"column":5}},"3":{"start":{"line":9,"column":8},"end":{"line":9,"column":53}},"4":{"start":{"line":12,"column":18},"end":{"line":12,"column":42}},"5":{"start":{"line":14,"column":4},"end":{"line":20,"column":5}},"6":{"start":{"line":15,"column":24},"end":{"line":15,"column":65}},"7":{"start":{"line":16,"column":8},"end":{"line":16,"column":27}},"8":{"start":{"line":17,"column":8},"end":{"line":17,"column":15}},"9":{"start":{"line":19,"column":8},"end":{"line":19,"column":60}}},"fnMap":{"0":{"name":"(anonymous_0)","decl":{"start":{"line":5,"column":33},"end":{"line":5,"column":34}},"loc":{"start":{"line":5,"column":59},"end":{"line":21,"column":1}},"line":5}},"branchMap":{"0":{"loc":{"start":{"line":8,"column":4},"end":{"line":10,"column":5}},"type":"if","locations":[{"start":{"line":8,"column":4},"end":{"line":10,"column":5}},{"start":{},"end":{}}],"line":8},"1":{"loc":{"start":{"line":8,"column":8},"end":{"line":8,"column":56}},"type":"binary-expr","locations":[{"start":{"line":8,"column":8},"end":{"line":8,"column":19}},{"start":{"line":8,"column":23},"end":{"line":8,"column":56}}],"line":8}},"s":{"0":7,"1":24,"2":24,"3":2,"4":22,"5":22,"6":22,"7":21,"8":21,"9":1},"f":{"0":24},"b":{"0":[2,22],"1":[24,22]},"inputSourceMap":null,"_coverageSchema":"1a1c01bbd47fc00a2c39e90264f33305004495a9","hash":"d5bbaf3b8f3aea845ed2e9cc05616df8495e1887"}
,"C:\\Users\\sanke\\Desktop\\Projectssss\\TDD-Kata-Sweet-Shop-Management-System\\backend\\src\\models\\sweet.model.js": {"path":"C:\\Users\\sanke\\Desktop\\Projectssss\\TDD-Kata-Sweet-Shop-Management-System\\backend\\src\\models\\sweet.model.js","statementMap":{"0":{"start":{"line":3,"column":20},"end":{"line":27,"column":1}}},"fnMap":{},"branchMap":{},"s":{"0":7},"f":{},"b":{},"inputSourceMap":null,"_coverageSchema":"1a1c01bbd47fc00a2c39e90264f33305004495a9","hash":"c6c96f7d1842387f0f1b7cf2487abd46f5176616"}
,"C:\\Users\\sanke\\Desktop\\Projectssss\\TDD-Kata-Sweet-Shop-Management-System\\backend\\src\\models\\user.model.js": {"path":"C:\\Users\\sanke\\Desktop\\Projectssss\\TDD-Kata-Sweet-Shop-Management-System\\backend\\src\\models\\user.model.js","statementMap":{"0":{"start":{"line":3,"column":19},"end":{"line":28,"column":1}}},"fnMap":{},"branchMap":{},"s":{"0":7},"f":{},"b":{},"inputSourceMap":null,"_coverageSchema":"1a1c01bbd47fc00a2c39e90264f33305004495a9","hash":"39310e448874495326cea7a9805711cdb0ba3bed"}
,"C:\\Users\\sanke\\Desktop\\Projectssss\\TDD-Kata-Sweet-Shop-Management-System\\backend\\src\\routes\\authRoutes.js": {"path":"C:\\Users\\sanke\\Desktop\\Projectssss\\TDD-Kata-Sweet-Shop-Management-System\\backend\\src\\routes\\authRoutes.js","statementMap":{"0":{"start":{"line":4,"column":15},"end":{"line":4,"column":23}},"1":{"start":{"line":6,"column":0},"end":{"line":6,"column":35}},"2":{"start":{"line":7,"column":0},"end":{"line":7,"column":29}}},"fnMap":{},"branchMap":{},"s":{"0":7,"1":7,"2":7},"f":{},"b":{},"inputSourceMap":null,"_coverageSchema":"1a1c01bbd47fc00a2c39e90264f33305004495a9","hash":"73715d5bcc9324264214c9af30bbdd277f3d7d99"}
,"C:\\Users\\sanke\\Desktop\\Projectssss\\TDD-Kata-Sweet-Shop-Management-System\\backend\\src\\routes\\sweetRoutes.js": {"path":"C:\\Users\\sanke\\Desktop\\Projectssss\\TDD-Kata-Sweet-Shop-Management-System\\backend\\src\\routes\\sweetRoutes.js","statementMap":{"0":{"start":{"line":6,"column":15},"end":{"line":6,"column":23}},"1":{"start":{"line":8,"column":0},"end":{"line":8,"column":52}},"2":{"start":{"line":9,"column":0},"end":{"line":9,"column":57}},"3":{"start":{"line":10,"column":0},"end":{"line":10,"column":60}},"4":{"start":{"line":11,"column":0},"end":{"line":11,"column":67}},"5":{"start":{"line":12,"column":0},"end":{"line":12,"column":49}},"6":{"start":{"line":13,"column":0},"end":{"line":13,"column":40}},"7":{"start":{"line":14,"column":0},"end":{"line":14,"column":57}}},"fnMap":{},"branchMap":{},"s":{"0":7,"1":7,"2":7,"3":7,"4":7,"5":7,"6":7,"7":7},"f":{},"b":{},"inputSourceMap":null,"_coverageSchema":"1a1c01bbd47fc00a2c39e90264f33305004495a9","hash":"4ead28ba4124a33e6c6cf6fdd195dc36f3148a06"}
,"C:\\Users\\sanke\\Desktop\\Projectssss\\TDD-Kata-Sweet-Shop-Management-System\\backend\\src\\services\\auth.service.js": {"path":"C:\\Users\\sanke\\Desktop\\Projectssss\\TDD-Kata-Sweet-Shop-Management-System\\backend\\src\\services\\auth.service.js","statementMap":{"0":{"start":{"line":6,"column":22},"end":{"line":8,"column":1}},"1":{"start":{"line":7,"column":4},"end":{"line":7,"column":79}},"2":{"start":{"line":10,"column":21},"end":{"line":14,"column":1}},"3":{"start":{"line":11,"column":20},"end":{"line":11,"column":35}},"4":{"start":{"line":12,"column":4},"end":{"line":12,"column":28}},"5":{"start":{"line":13,"column":4},"end":{"line":13,"column":19}},"6":{"start":{"line":16,"column":28},"end":{"line":41,"column":1}},"7":{"start":{"line":17,"column":44},"end":{"line":17,"column":48}},"8":{"start":{"line":19,"column":4},"end":{"line":21,"column":5}},"9":{"start":{"line":20,"column":8},"end":{"line":20,"column":59}},"10":{"start":{"line":23,"column":21},"end":{"line":23,"column":50}},"11":{"start":{"line":24,"column":4},"end":{"line":26,"column":5}},"12":{"start":{"line":25,"column":8},"end":{"line":25,"column":71}},"13":{"start":{"line":28,"column":21},"end":{"line":28,"column":52}},"14":{"start":{"line":30,"column":20},"end":{"line":35,"column":6}},"15":{"start":{"line":37,"column":4},"end":{"line":40,"column":6}},"16":{"start":{"line":43,"column":25},"end":{"line":64,"column":1}},"17":{"start":{"line":44,"column":32},"end":{"line":44,"column":36}},"18":{"start":{"line":46,"column":4},"end":{"line":48,"column":5}},"19":{"start":{"line":47,"column":8},"end":{"line":47,"column":67}},"20":{"start":{"line":50,"column":17},"end":{"line":50,"column":46}},"21":{"start":{"line":51,"column":4},"end":{"line":53,"column":5}},"22":{"start":{"line":52,"column":8},"end":{"line":52,"column":55}},"23":{"start":{"line":55,"column":20},"end":{"line":55,"column":65}},"24":{"start":{"line":56,"column":4},"end":{"line":58,"column":5}},"25":{"start":{"line":57,"column":8},"end":{"line":57,"column":55}},"26":{"start":{"line":60,"column":4},"end":{"line":63,"column":6}}},"fnMap":{"0":{"name":"(anonymous_0)","decl":{"start":{"line":6,"column":22},"end":{"line":6,"column":23}},"loc":{"start":{"line":6,"column":36},"end":{"line":8,"column":1}},"line":6},"1":{"name":"(anonymous_1)","decl":{"start":{"line":10,"column":21},"end":{"line":10,"column":22}},"loc":{"start":{"line":10,"column":31},"end":{"line":14,"column":1}},"line":10},"2":{"name":"(anonymous_2)","decl":{"start":{"line":16,"column":28},"end":{"line":16,"column":29}},"loc":{"start":{"line":16,"column":44},"end":{"line":41,"column":1}},"line":16},"3":{"name":"(anonymous_3)","decl":{"start":{"line":43,"column":25},"end":{"line":43,"column":26}},"loc":{"start":{"line":43,"column":41},"end":{"line":64,"column":1}},"line":43}},"branchMap":{"0":{"loc":{"start":{"line":19,"column":4},"end":{"line":21,"column":5}},"type":"if","locations":[{"start":{"line":19,"column":4},"end":{"line":21,"column":5}},{"start":{},"end":{}}],"line":19},"1":{"loc":{"start":{"line":19,"column":8},"end":{"line":19,"column":36}},"type":"binary-expr","locations":[{"start":{"line":19,"column":8},"end":{"line":19,"column":13}},{"start":{"line":19,"column":17},"end":{"line":19,"column":23}},{"start":{"line":19,"column":27},"end":{"line":19,"column":36}}],"line":19},"2":{"loc":{"start":{"line":24,"column":4},"end":{"line":26,"column":5}},"type":"if","locations":[{"start":{"line":24,"column":4},"end":{"line":26,"column":5}},{"start":{},"end":{}}],"line":24},"3":{"loc":{"start":{"line":34,"column":14},"end":{"line":34,"column":32}},"type":"binary-expr","locations":[{"start":{"line":34,"column":14},"end":{"line":34,"column":18}},{"start":{"line":34,"column":22},"end":{"line":34,"column":32}}],"line":34},"4":{"loc":{"start":{"line":46,"column":4},"end":{"line":48,"column":5}},"type":"if","locations":[{"start":{"line":46,"column":4},"end":{"line":48,"column":5}},{"start":{},"end":{}}],"line":46},"5":{"loc":{"start":{"line":46,"column":8},"end":{"line":46,"column":27}},"type":"binary-expr","locations":[{"start":{"line":46,"column":8},"end":{"line":46,"column":14}},{"start":{"line":46,"column":18},"end":{"line":46,"column":27}}],"line":46},"6":{"loc":{"start":{"line":51,"column":4},"end":{"line":53,"column":5}},"type":"if","locations":[{"start":{"line":51,"column":4},"end":{"line":53,"column":5}},{"start":{},"end":{}}],"line":51},"7":{"loc":{"start":{"line":56,"column":4},"end":{"line":58,"column":5}},"type":"if","locations":[{"start":{"line":56,"column":4},"end":{"line":58,"column":5}},{"start":{},"end":{}}],"line":56}},"s":{"0":7,"1":9,"2":7,"3":9,"4":9,"5":9,"6":7,"7":8,"8":8,"9":0,"10":8,"11":8,"12":0,"13":8,"14":8,"15":8,"16":7,"17":1,"18":1,"19":0,"20":1,"21":1,"22":0,"23":1,"24":1,"25":0,"26":1},"f":{"0":9,"1":9,"2":8,"3":1},"b":{"0":[0,8],"1":[8,8,8],"2":[0,8],"3":[8,1],"4":[0,1],"5":[1,1],"6":[0,1],"7":[0,1]},"inputSourceMap":null,"_coverageSchema":"1a1c01bbd47fc00a2c39e90264f33305004495a9","hash":"4806304e2497947626368352210541f5789223d3"}
,"C:\\Users\\sanke\\Desktop\\Projectssss\\TDD-Kata-Sweet-Shop-Management-System\\backend\\src\\services\\sweet.service.js": {"path":"C:\\Users\\sanke\\Desktop\\Projectssss\\TDD-Kata-Sweet-Shop-Management-System\\backend\\src\\services\\sweet.service.js","statementMap":{"0":{"start":{"line":4,"column":27},"end":{"line":14,"column":1}},"1":{"start":{"line":5,"column":48},"end":{"line":5,"column":52}},"2":{"start":{"line":7,"column":4},"end":{"line":9,"column":5}},"3":{"start":{"line":8,"column":8},"end":{"line":8,"column":59}},"4":{"start":{"line":11,"column":18},"end":{"line":11,"column":73}},"5":{"start":{"line":13,"column":4},"end":{"line":13,"column":17}},"6":{"start":{"line":16,"column":28},"end":{"line":18,"column":1}},"7":{"start":{"line":17,"column":4},"end":{"line":17,"column":32}},"8":{"start":{"line":20,"column":35},"end":{"line":39,"column":1}},"9":{"start":{"line":21,"column":51},"end":{"line":21,"column":56}},"10":{"start":{"line":22,"column":17},"end":{"line":22,"column":19}},"11":{"start":{"line":24,"column":4},"end":{"line":26,"column":5}},"12":{"start":{"line":25,"column":8},"end":{"line":25,"column":54}},"13":{"start":{"line":28,"column":4},"end":{"line":30,"column":5}},"14":{"start":{"line":29,"column":8},"end":{"line":29,"column":62}},"15":{"start":{"line":32,"column":4},"end":{"line":36,"column":5}},"16":{"start":{"line":33,"column":8},"end":{"line":33,"column":26}},"17":{"start":{"line":34,"column":8},"end":{"line":34,"column":59}},"18":{"start":{"line":34,"column":22},"end":{"line":34,"column":59}},"19":{"start":{"line":35,"column":8},"end":{"line":35,"column":59}},"20":{"start":{"line":35,"column":22},"end":{"line":35,"column":59}},"21":{"start":{"line":38,"column":4},"end":{"line":38,"column":36}},"22":{"start":{"line":43,"column":34},"end":{"line":54,"column":1}},"23":{"start":{"line":44,"column":18},"end":{"line":47,"column":6}},"24":{"start":{"line":49,"column":4},"end":{"line":51,"column":5}},"25":{"start":{"line":50,"column":8},"end":{"line":50,"column":51}},"26":{"start":{"line":53,"column":4},"end":{"line":53,"column":17}},"27":{"start":{"line":56,"column":36},"end":{"line":71,"column":1}},"28":{"start":{"line":57,"column":18},"end":{"line":57,"column":47}},"29":{"start":{"line":59,"column":4},"end":{"line":61,"column":5}},"30":{"start":{"line":60,"column":8},"end":{"line":60,"column":51}},"31":{"start":{"line":63,"column":4},"end":{"line":65,"column":5}},"32":{"start":{"line":64,"column":8},"end":{"line":64,"column":57}},"33":{"start":{"line":67,"column":4},"end":{"line":67,"column":24}},"34":{"start":{"line":68,"column":4},"end":{"line":68,"column":23}},"35":{"start":{"line":70,"column":4},"end":{"line":70,"column":17}},"36":{"start":{"line":73,"column":34},"end":{"line":81,"column":1}},"37":{"start":{"line":74,"column":18},"end":{"line":74,"column":51}},"38":{"start":{"line":76,"column":4},"end":{"line":78,"column":5}},"39":{"start":{"line":77,"column":8},"end":{"line":77,"column":51}},"40":{"start":{"line":80,"column":4},"end":{"line":80,"column":17}},"41":{"start":{"line":83,"column":35},"end":{"line":98,"column":1}},"42":{"start":{"line":84,"column":4},"end":{"line":86,"column":5}},"43":{"start":{"line":85,"column":8},"end":{"line":85,"column":52}},"44":{"start":{"line":88,"column":18},"end":{"line":88,"column":42}},"45":{"start":{"line":90,"column":4},"end":{"line":92,"column":5}},"46":{"start":{"line":91,"column":8},"end":{"line":91,"column":51}},"47":{"start":{"line":94,"column":4},"end":{"line":94,"column":31}},"48":{"start":{"line":95,"column":4},"end":{"line":95,"column":23}},"49":{"start":{"line":97,"column":4},"end":{"line":97,"column":17}}},"fnMap":{"0":{"name":"(anonymous_0)","decl":{"start":{"line":4,"column":27},"end":{"line":4,"column":28}},"loc":{"start":{"line":4,"column":43},"end":{"line":14,"column":1}},"line":4},"1":{"name":"(anonymous_1)","decl":{"start":{"line":16,"column":28},"end":{"line":16,"column":29}},"loc":{"start":{"line":16,"column":40},"end":{"line":18,"column":1}},"line":16},"2":{"name":"(anonymous_2)","decl":{"start":{"line":20,"column":35},"end":{"line":20,"column":36}},"loc":{"start":{"line":20,"column":52},"end":{"line":39,"column":1}},"line":20},"3":{"name":"(anonymous_3)","decl":{"start":{"line":43,"column":34},"end":{"line":43,"column":35}},"loc":{"start":{"line":43,"column":60},"end":{"line":54,"column":1}},"line":43},"4":{"name":"(anonymous_4)","decl":{"start":{"line":56,"column":36},"end":{"line":56,"column":37}},"loc":{"start":{"line":56,"column":55},"end":{"line":71,"column":1}},"line":56},"5":{"name":"(anonymous_5)","decl":{"start":{"line":73,"column":34},"end":{"line":73,"column":35}},"loc":{"start":{"line":73,"column":48},"end":{"line":81,"column":1}},"line":73},"6":{"name":"(anonymous_6)","decl":{"start":{"line":83,"column":35},"end":{"line":83,"column":36}},"loc":{"start":{"line":83,"column":59},"end":{"line":98,"column":1}},"line":83}},"branchMap":{"0":{"loc":{"start":{"line":7,"column":4},"end":{"line":9,"column":5}},"type":"if","locations":[{"start":{"line":7,"column":4},"end":{"line":9,"column":5}},{"start":{},"end":{}}],"line":7},"1":{"loc":{"start":{"line":7,"column":8},"end":{"line":7,"column":101}},"type":"binary-expr","locations":[{"start":{"line":7,"column":8},"end":{"line":7,"column":26}},{"start":{"line":7,"column":30},"end":{"line":7,"column":52}},{"start":{"line":7,"column":56},"end":{"line":7,"column":75}},{"start":{"line":7,"column":79},"end":{"line":7,"column":101}}],"line":7},"2":{"loc":{"start":{"line":24,"column":4},"end":{"line":26,"column":5}},"type":"if","locations":[{"start":{"line":24,"column":4},"end":{"line":26,"column":5}},{"start":{},"end":{}}],"line":24},"3":{"loc":{"start":{"line":28,"column":4},"end":{"line":30,"column":5}},"type":"if","locations":[{"start":{"line":28,"column":4},"end":{"line":30,"column":5}},{"start":{},"end":{}}],"line":28},"4":{"loc":{"start":{"line":32,"column":4},"end":{"line":36,"column":5}},"type":"if","locations":[{"start":{"line":32,"column":4},"end":{"line":36,"column":5}},{"start":{},"end":{}}],"line":32},"5":{"loc":{"start":{"line":32,"column":8},"end":{"line":32,"column":28}},"type":"binary-expr","locations":[{"start":{"line":32,"column":8},"end":{"line":32,"column":16}},{"start":{"line":32,"column":20},"end":{"line":32,"column":28}}],"line":32},"6":{"loc":{"start":{"line":34,"column":8},"end":{"line":34,"column":59}},"type":"if","locations":[{"start":{"line":34,"column":8},"end":{"line":34,"column":59}},{"start":{},"end":{}}],"line":34},"7":{"loc":{"start":{"line":35,"column":8},"end":{"line":35,"column":59}},"type":"if","locations":[{"start":{"line":35,"column":8},"end":{"line":35,"column":59}},{"start":{},"end":{}}],"line":35},"8":{"loc":{"start":{"line":49,"column":4},"end":{"line":51,"column":5}},"type":"if","locations":[{"start":{"line":49,"column":4},"end":{"line":51,"column":5}},{"start":{},"end":{}}],"line":49},"9":{"loc":{"start":{"line":59,"column":4},"end":{"line":61,"column":5}},"type":"if","locations":[{"start":{"line":59,"column":4},"end":{"line":61,"column":5}},{"start":{},"end":{}}],"line":59},"10":{"loc":{"start":{"line":63,"column":4},"end":{"line":65,"column":5}},"type":"if","locations":[{"start":{"line":63,"column":4},"end":{"line":65,"column":5}},{"start":{},"end":{}}],"line":63},"11":{"loc":{"start":{"line":76,"column":4},"end":{"line":78,"column":5}},"type":"if","locations":[{"start":{"line":76,"column":4},"end":{"line":78,"column":5}},{"start":{},"end":{}}],"line":76},"12":{"loc":{"start":{"line":84,"column":4},"end":{"line":86,"column":5}},"type":"if","locations":[{"start":{"line":84,"column":4},"end":{"line":86,"column":5}},{"start":{},"end":{}}],"line":84},"13":{"loc":{"start":{"line":84,"column":8},"end":{"line":84,"column":34}},"type":"binary-expr","locations":[{"start":{"line":84,"column":8},"end":{"line":84,"column":17}},{"start":{"line":84,"column":21},"end":{"line":84,"column":34}}],"line":84},"14":{"loc":{"start":{"line":90,"column":4},"end":{"line":92,"column":5}},"type":"if","locations":[{"start":{"line":90,"column":4},"end":{"line":92,"column":5}},{"start":{},"end":{}}],"line":90}},"s":{"0":7,"1":4,"2":4,"3":0,"4":4,"5":4,"6":7,"7":1,"8":7,"9":3,"10":3,"11":3,"12":1,"13":3,"14":1,"15":3,"16":1,"17":1,"18":1,"19":1,"20":1,"21":3,"22":7,"23":1,"24":1,"25":0,"26":1,"27":7,"28":2,"29":2,"30":0,"31":2,"32":1,"33":1,"34":1,"35":1,"36":7,"37":2,"38":2,"39":1,"40":1,"41":7,"42":3,"43":1,"44":2,"45":2,"46":1,"47":1,"48":1,"49":1},"f":{"0":4,"1":1,"2":3,"3":1,"4":2,"5":2,"6":3},"b":{"0":[0,4],"1":[4,4,4,4],"2":[1,2],"3":[1,2],"4":[1,2],"5":[3,2],"6":[1,0],"7":[1,0],"8":[0,1],"9":[0,2],"10":[1,1],"11":[1,1],"12":[1,2],"13":[3,3],"14":[1,1]},"inputSourceMap":null,"_coverageSchema":"1a1c01bbd47fc00a2c39e90264f33305004495a9","hash":"0e57ca440983402f192aedd8a5dac652851e249a"}
,"C:\\Users\\sanke\\Desktop\\Projectssss\\TDD-Kata-Sweet-Shop-Management-System\\backend\\src\\utils\\ApiError.js": {"path":"C:\\Users\\sanke\\Desktop\\Projectssss\\TDD-Kata-Sweet-Shop-Management-System\\backend\\src\\utils\\ApiError.js","statementMap":{"0":{"start":{"line":3,"column":0},"end":{"line":3,"column":15}},"1":{"start":{"line":4,"column":0},"end":{"line":4,"column":28}}},"fnMap":{"0":{"name":"(anonymous_0)","decl":{"start":{"line":2,"column":0},"end":{"line":2,"column":1}},"loc":{"start":{"line":2,"column":31},"end":{"line":7,"column":1}},"line":2}},"branchMap":{},"s":{"0":10,"1":10},"f":{"0":10},"b":{},"inputSourceMap":null,"_coverageSchema":"1a1c01bbd47fc00a2c39e90264f33305004495a9","hash":"bd591035ab63bbbd848274a2928a0ef998b04b56"}
,"C:\\Users\\sanke\\Desktop\\Projectssss\\TDD-Kata-Sweet-Shop-Management-System\\backend\\src\\utils\\ApiResponse.js": {"path":"C:\\Users\\sanke\\Desktop\\Projectssss\\TDD-Kata-Sweet-Shop-Management-System\\backend\\src\\utils\\ApiResponse.js","statementMap":{"0":{"start":{"line":3,"column":4},"end":{"line":3,"column":33}},"1":{"start":{"line":4,"column":4},"end":{"line":4,"column":27}},"2":{"start":{"line":5,"column":4},"end":{"line":5,"column":21}},"3":{"start":{"line":6,"column":0},"end":{"line":6,"column":30}}},"fnMap":{"0":{"name":"(anonymous_0)","decl":{"start":{"line":2,"column":0},"end":{"line":2,"column":1}},"loc":{"start":{"line":2,"column":46},"end":{"line":9,"column":1}},"line":2}},"branchMap":{"0":{"loc":{"start":{"line":2,"column":34},"end":{"line":2,"column":45}},"type":"default-arg","locations":[{"start":{"line":2,"column":41},"end":{"line":2,"column":45}}],"line":2}},"s":{"0":21,"1":21,"2":21,"3":21},"f":{"0":21},"b":{"0":[0]},"inputSourceMap":null,"_coverageSchema":"1a1c01bbd47fc00a2c39e90264f33305004495a9","hash":"0ad9fac849ce7d4923abbc035677f30653eb5d97"}
}
