TN:
SF:src\app.js
FN:17,(anonymous_0)
FN:21,(anonymous_1)
FN:28,(anonymous_2)
FNF:3
FNH:2
FNDA:1,(anonymous_0)
FNDA:1,(anonymous_1)
FNDA:0,(anonymous_2)
DA:10,7
DA:12,7
DA:13,7
DA:14,7
DA:15,7
DA:17,7
DA:18,1
DA:21,7
DA:22,1
DA:25,7
DA:27,7
DA:28,7
DA:29,0
DA:34,7
LF:14
LH:13
BRF:0
BRH:0
end_of_record
TN:
SF:src\config\db.js
FN:3,(anonymous_0)
FNF:1
FNH:1
FNDA:3,(anonymous_0)
DA:3,3
DA:4,3
DA:5,3
DA:8,3
DA:10,0
LF:5
LH:4
BRDA:6,0,0,3
BRDA:6,0,1,0
BRF:2
BRH:1
end_of_record
TN:
SF:src\controllers\authController.js
FN:5,(anonymous_0)
FN:13,(anonymous_1)
FNF:2
FNH:2
FNDA:8,(anonymous_0)
FNDA:1,(anonymous_1)
DA:5,7
DA:6,8
DA:8,8
DA:13,7
DA:14,1
DA:16,1
LF:6
LH:6
BRF:0
BRH:0
end_of_record
TN:
SF:src\controllers\sweetController.js
FN:5,(anonymous_0)
FN:13,(anonymous_1)
FN:21,(anonymous_2)
FN:31,(anonymous_3)
FN:40,(anonymous_4)
FN:49,(anonymous_5)
FN:58,(anonymous_6)
FNF:7
FNH:7
FNDA:4,(anonymous_0)
FNDA:1,(anonymous_1)
FNDA:3,(anonymous_2)
FNDA:1,(anonymous_3)
FNDA:2,(anonymous_4)
FNDA:2,(anonymous_5)
FNDA:3,(anonymous_6)
DA:5,7
DA:6,4
DA:8,4
DA:13,7
DA:14,1
DA:16,1
DA:21,7
DA:22,3
DA:24,3
DA:31,7
DA:32,1
DA:33,1
DA:35,1
DA:40,7
DA:41,2
DA:42,2
DA:44,1
DA:49,7
DA:50,2
DA:51,2
DA:53,1
DA:58,7
DA:59,3
DA:60,3
DA:61,3
DA:63,1
LF:26
LH:26
BRF:0
BRH:0
end_of_record
TN:
SF:src\middlewares\asyncHandler.js
FN:1,(anonymous_0)
FN:1,(anonymous_1)
FNF:2
FNH:2
FNDA:70,(anonymous_0)
FNDA:49,(anonymous_1)
DA:1,70
DA:3,49
DA:5,49
DA:10,7
LF:4
LH:4
BRF:0
BRH:0
end_of_record
TN:
SF:src\middlewares\checkAdmin.js
FN:3,(anonymous_0)
FNF:1
FNH:1
FNDA:14,(anonymous_0)
DA:3,7
DA:6,14
DA:7,3
DA:10,11
LF:4
LH:4
BRDA:6,0,0,3
BRDA:6,0,1,11
BRDA:6,1,0,14
BRDA:6,1,1,14
BRF:4
BRH:4
end_of_record
TN:
SF:src\middlewares\errorMiddleware.js
FN:1,errorMiddleware
FNF:1
FNH:1
FNDA:10,errorMiddleware
DA:2,10
DA:3,10
DA:5,10
LF:3
LH:3
BRDA:2,0,0,10
BRDA:2,0,1,0
BRDA:3,1,0,10
BRDA:3,1,1,0
BRF:4
BRH:2
end_of_record
TN:
SF:src\middlewares\verifyToken.js
FN:5,(anonymous_0)
FNF:1
FNH:1
FNDA:24,(anonymous_0)
DA:5,7
DA:6,24
DA:8,24
DA:9,2
DA:12,22
DA:14,22
DA:15,22
DA:16,21
DA:17,21
DA:19,1
LF:10
LH:10
BRDA:8,0,0,2
BRDA:8,0,1,22
BRDA:8,1,0,24
BRDA:8,1,1,22
BRF:4
BRH:4
end_of_record
TN:
SF:src\models\sweet.model.js
FNF:0
FNH:0
DA:3,7
LF:1
LH:1
BRF:0
BRH:0
end_of_record
TN:
SF:src\models\user.model.js
FNF:0
FNH:0
DA:3,7
LF:1
LH:1
BRF:0
BRH:0
end_of_record
TN:
SF:src\routes\authRoutes.js
FNF:0
FNH:0
DA:4,7
DA:6,7
DA:7,7
LF:3
LH:3
BRF:0
BRH:0
end_of_record
TN:
SF:src\routes\sweetRoutes.js
FNF:0
FNH:0
DA:6,7
DA:8,7
DA:9,7
DA:10,7
DA:11,7
DA:12,7
DA:13,7
DA:14,7
LF:8
LH:8
BRF:0
BRH:0
end_of_record
TN:
SF:src\services\auth.service.js
FN:6,(anonymous_0)
FN:10,(anonymous_1)
FN:16,(anonymous_2)
FN:43,(anonymous_3)
FNF:4
FNH:4
FNDA:9,(anonymous_0)
FNDA:9,(anonymous_1)
FNDA:8,(anonymous_2)
FNDA:1,(anonymous_3)
DA:6,7
DA:7,9
DA:10,7
DA:11,9
DA:12,9
DA:13,9
DA:16,7
DA:17,8
DA:19,8
DA:20,0
DA:23,8
DA:24,8
DA:25,0
DA:28,8
DA:30,8
DA:37,8
DA:43,7
DA:44,1
DA:46,1
DA:47,0
DA:50,1
DA:51,1
DA:52,0
DA:55,1
DA:56,1
DA:57,0
DA:60,1
LF:27
LH:22
BRDA:19,0,0,0
BRDA:19,0,1,8
BRDA:19,1,0,8
BRDA:19,1,1,8
BRDA:19,1,2,8
BRDA:24,2,0,0
BRDA:24,2,1,8
BRDA:34,3,0,8
BRDA:34,3,1,1
BRDA:46,4,0,0
BRDA:46,4,1,1
BRDA:46,5,0,1
BRDA:46,5,1,1
BRDA:51,6,0,0
BRDA:51,6,1,1
BRDA:56,7,0,0
BRDA:56,7,1,1
BRF:17
BRH:12
end_of_record
TN:
SF:src\services\sweet.service.js
FN:4,(anonymous_0)
FN:16,(anonymous_1)
FN:20,(anonymous_2)
FN:43,(anonymous_3)
FN:56,(anonymous_4)
FN:73,(anonymous_5)
FN:83,(anonymous_6)
FNF:7
FNH:7
FNDA:4,(anonymous_0)
FNDA:1,(anonymous_1)
FNDA:3,(anonymous_2)
FNDA:1,(anonymous_3)
FNDA:2,(anonymous_4)
FNDA:2,(anonymous_5)
FNDA:3,(anonymous_6)
DA:4,7
DA:5,4
DA:7,4
DA:8,0
DA:11,4
DA:13,4
DA:16,7
DA:17,1
DA:20,7
DA:21,3
DA:22,3
DA:24,3
DA:25,1
DA:28,3
DA:29,1
DA:32,3
DA:33,1
DA:34,1
DA:35,1
DA:38,3
DA:43,7
DA:44,1
DA:49,1
DA:50,0
DA:53,1
DA:56,7
DA:57,2
DA:59,2
DA:60,0
DA:63,2
DA:64,1
DA:67,1
DA:68,1
DA:70,1
DA:73,7
DA:74,2
DA:76,2
DA:77,1
DA:80,1
DA:83,7
DA:84,3
DA:85,1
DA:88,2
DA:90,2
DA:91,1
DA:94,1
DA:95,1
DA:97,1
LF:48
LH:45
BRDA:7,0,0,0
BRDA:7,0,1,4
BRDA:7,1,0,4
BRDA:7,1,1,4
BRDA:7,1,2,4
BRDA:7,1,3,4
BRDA:24,2,0,1
BRDA:24,2,1,2
BRDA:28,3,0,1
BRDA:28,3,1,2
BRDA:32,4,0,1
BRDA:32,4,1,2
BRDA:32,5,0,3
BRDA:32,5,1,2
BRDA:34,6,0,1
BRDA:34,6,1,0
BRDA:35,7,0,1
BRDA:35,7,1,0
BRDA:49,8,0,0
BRDA:49,8,1,1
BRDA:59,9,0,0
BRDA:59,9,1,2
BRDA:63,10,0,1
BRDA:63,10,1,1
BRDA:76,11,0,1
BRDA:76,11,1,1
BRDA:84,12,0,1
BRDA:84,12,1,2
BRDA:84,13,0,3
BRDA:84,13,1,3
BRDA:90,14,0,1
BRDA:90,14,1,1
BRF:32
BRH:27
end_of_record
TN:
SF:src\utils\ApiError.js
FN:2,(anonymous_0)
FNF:1
FNH:1
FNDA:10,(anonymous_0)
DA:3,10
DA:4,10
LF:2
LH:2
BRF:0
BRH:0
end_of_record
TN:
SF:src\utils\ApiResponse.js
FN:2,(anonymous_0)
FNF:1
FNH:1
FNDA:21,(anonymous_0)
DA:3,21
DA:4,21
DA:5,21
DA:6,21
LF:4
LH:4
BRDA:2,0,0,0
BRF:1
BRH:0
end_of_record
